0 info it worked if it ends with ok
1 verbose cli [ '/usr/local/Cellar/node/7.0.0/bin/node',
1 verbose cli   '/usr/local/bin/npm',
1 verbose cli   'install',
1 verbose cli   '-g',
1 verbose cli   'typescript' ]
2 info using npm@3.10.8
3 info using node@v7.0.0
4 silly loadCurrentTree Starting
5 silly install loadCurrentTree
6 silly install readGlobalPackageData
7 silly fetchPackageMetaData typescript
8 silly fetchNamedPackageData typescript
9 silly mapToRegistry name typescript
10 silly mapToRegistry using default registry
11 silly mapToRegistry registry https://registry.npmjs.org/
12 silly mapToRegistry data Result {
12 silly mapToRegistry   raw: 'typescript',
12 silly mapToRegistry   scope: null,
12 silly mapToRegistry   escapedName: 'typescript',
12 silly mapToRegistry   name: 'typescript',
12 silly mapToRegistry   rawSpec: '',
12 silly mapToRegistry   spec: 'latest',
12 silly mapToRegistry   type: 'tag' }
13 silly mapToRegistry uri https://registry.npmjs.org/typescript
14 verbose request uri https://registry.npmjs.org/typescript
15 verbose request no auth needed
16 info attempt registry request try #1 at 12:35:35
17 verbose request id e894daa556f9fa63
18 http request GET https://registry.npmjs.org/typescript
19 http 200 https://registry.npmjs.org/typescript
20 verbose headers { server: 'nginx/1.10.1',
20 verbose headers   'content-type': 'application/json',
20 verbose headers   'last-modified': 'Sun, 02 Apr 2017 06:13:57 GMT',
20 verbose headers   etag: 'W/"58e096a5-16ab4c"',
20 verbose headers   'content-encoding': 'gzip',
20 verbose headers   'cache-control': 'max-age=300',
20 verbose headers   'content-length': '73836',
20 verbose headers   'accept-ranges': 'bytes',
20 verbose headers   date: 'Mon, 03 Apr 2017 04:35:25 GMT',
20 verbose headers   via: '1.1 varnish',
20 verbose headers   age: '244',
20 verbose headers   connection: 'keep-alive',
20 verbose headers   'x-served-by': 'cache-lax8622-LAX',
20 verbose headers   'x-cache': 'HIT',
20 verbose headers   'x-cache-hits': '3',
20 verbose headers   'x-timer': 'S1491194125.889177,VS0,VE0',
20 verbose headers   vary: 'Accept-Encoding' }
21 silly get cb [ 200,
21 silly get   { server: 'nginx/1.10.1',
21 silly get     'content-type': 'application/json',
21 silly get     'last-modified': 'Sun, 02 Apr 2017 06:13:57 GMT',
21 silly get     etag: 'W/"58e096a5-16ab4c"',
21 silly get     'content-encoding': 'gzip',
21 silly get     'cache-control': 'max-age=300',
21 silly get     'content-length': '73836',
21 silly get     'accept-ranges': 'bytes',
21 silly get     date: 'Mon, 03 Apr 2017 04:35:25 GMT',
21 silly get     via: '1.1 varnish',
21 silly get     age: '244',
21 silly get     connection: 'keep-alive',
21 silly get     'x-served-by': 'cache-lax8622-LAX',
21 silly get     'x-cache': 'HIT',
21 silly get     'x-cache-hits': '3',
21 silly get     'x-timer': 'S1491194125.889177,VS0,VE0',
21 silly get     vary: 'Accept-Encoding' } ]
22 verbose get saving typescript to /Users/bugzhang/.npm/registry.npmjs.org/typescript/.cache.json
23 verbose correctMkdir /Users/bugzhang/.npm correctMkdir not in flight; initializing
24 silly install normalizeTree
25 silly loadCurrentTree Finishing
26 silly loadIdealTree Starting
27 silly install loadIdealTree
28 silly cloneCurrentTree Starting
29 silly install cloneCurrentTreeToIdealTree
30 silly cloneCurrentTree Finishing
31 silly loadShrinkwrap Starting
32 silly install loadShrinkwrap
33 silly loadShrinkwrap Finishing
34 silly loadAllDepsIntoIdealTree Starting
35 silly install loadAllDepsIntoIdealTree
36 silly resolveWithNewModule typescript@2.2.2 checking installable status
37 silly cache add args [ 'typescript', null ]
38 verbose cache add spec typescript
39 silly cache add parsed spec Result {
39 silly cache add   raw: 'typescript',
39 silly cache add   scope: null,
39 silly cache add   escapedName: 'typescript',
39 silly cache add   name: 'typescript',
39 silly cache add   rawSpec: '',
39 silly cache add   spec: 'latest',
39 silly cache add   type: 'tag' }
40 silly addNamed typescript@latest
41 verbose addNamed "latest" is being treated as a dist-tag for typescript
42 info addNameTag [ 'typescript', 'latest' ]
43 silly mapToRegistry name typescript
44 silly mapToRegistry using default registry
45 silly mapToRegistry registry https://registry.npmjs.org/
46 silly mapToRegistry data Result {
46 silly mapToRegistry   raw: 'typescript',
46 silly mapToRegistry   scope: null,
46 silly mapToRegistry   escapedName: 'typescript',
46 silly mapToRegistry   name: 'typescript',
46 silly mapToRegistry   rawSpec: '',
46 silly mapToRegistry   spec: 'latest',
46 silly mapToRegistry   type: 'tag' }
47 silly mapToRegistry uri https://registry.npmjs.org/typescript
48 verbose addNameTag registry:https://registry.npmjs.org/typescript not in flight; fetching
49 verbose get https://registry.npmjs.org/typescript not expired, no request
50 silly addNameTag next cb for typescript with tag latest
51 silly addNamed typescript@2.2.2
52 verbose addNamed "2.2.2" is a plain semver version for typescript
53 silly mapToRegistry name typescript
54 silly mapToRegistry using default registry
55 silly mapToRegistry registry https://registry.npmjs.org/
56 silly mapToRegistry data Result {
56 silly mapToRegistry   raw: 'typescript',
56 silly mapToRegistry   scope: null,
56 silly mapToRegistry   escapedName: 'typescript',
56 silly mapToRegistry   name: 'typescript',
56 silly mapToRegistry   rawSpec: '',
56 silly mapToRegistry   spec: 'latest',
56 silly mapToRegistry   type: 'tag' }
57 silly mapToRegistry uri https://registry.npmjs.org/typescript
58 verbose addRemoteTarball https://registry.npmjs.org/typescript/-/typescript-2.2.2.tgz not in flight; adding
59 verbose addRemoteTarball [ 'https://registry.npmjs.org/typescript/-/typescript-2.2.2.tgz',
59 verbose addRemoteTarball   '606022508479b55ffa368b58fee963a03dfd7b0c' ]
60 info retry fetch attempt 1 at 12:35:38
61 info attempt registry request try #1 at 12:35:38
62 http fetch GET https://registry.npmjs.org/typescript/-/typescript-2.2.2.tgz
63 http fetch 200 https://registry.npmjs.org/typescript/-/typescript-2.2.2.tgz
64 silly fetchAndShaCheck shasum 606022508479b55ffa368b58fee963a03dfd7b0c
65 silly rollbackFailedOptional Starting
66 silly rollbackFailedOptional Finishing
67 silly runTopLevelLifecycles Finishing
68 silly install printInstalled
69 verbose stack Error: shasum check failed for /var/folders/2s/hwz_zzxs0sx7sywcxmss4xc80000gp/T/npm-29257-aafecf6a/registry.npmjs.org/typescript/-/typescript-2.2.2.tgz
69 verbose stack Expected: 606022508479b55ffa368b58fee963a03dfd7b0c
69 verbose stack Actual:   4bf35e7f0fb476716e2733d548ad60b1a011d498
69 verbose stack From:     https://registry.npmjs.org/typescript/-/typescript-2.2.2.tgz
69 verbose stack     at /usr/local/lib/node_modules/npm/node_modules/sha/index.js:25:8
69 verbose stack     at ReadStream.<anonymous> (/usr/local/lib/node_modules/npm/node_modules/sha/index.js:72:7)
69 verbose stack     at emitNone (events.js:91:20)
69 verbose stack     at ReadStream.emit (events.js:185:7)
69 verbose stack     at endReadableNT (_stream_readable.js:974:12)
69 verbose stack     at _combinedTickCallback (internal/process/next_tick.js:74:11)
69 verbose stack     at process._tickCallback (internal/process/next_tick.js:98:9)
70 verbose cwd /Users/bugzhang/Desktop/bugzhang-portfilio
71 error Darwin 16.1.0
72 error argv "/usr/local/Cellar/node/7.0.0/bin/node" "/usr/local/bin/npm" "install" "-g" "typescript"
73 error node v7.0.0
74 error npm  v3.10.8
75 error shasum check failed for /var/folders/2s/hwz_zzxs0sx7sywcxmss4xc80000gp/T/npm-29257-aafecf6a/registry.npmjs.org/typescript/-/typescript-2.2.2.tgz
75 error Expected: 606022508479b55ffa368b58fee963a03dfd7b0c
75 error Actual:   4bf35e7f0fb476716e2733d548ad60b1a011d498
75 error From:     https://registry.npmjs.org/typescript/-/typescript-2.2.2.tgz
76 error If you need help, you may report this error at:
76 error     <https://github.com/npm/npm/issues>
77 verbose exit [ 1, true ]
